<?xml version="1.0" encoding="UTF-8"?>
<coverage generated="1550914361566" clover="3.2.0">
  <project timestamp="1550914361567" name="All files">
    <metrics statements="3" coveredstatements="3" conditionals="0" coveredconditionals="0" methods="1" coveredmethods="0" elements="4" coveredelements="3" complexity="0" loc="3" ncloc="3" packages="1" files="2" classes="2"/>
    <file name="index.js" path="/Users/rosso03/Dev/hack/socket-events/packages/server/lib/index.js">
      <metrics statements="2" coveredstatements="2" conditionals="0" coveredconditionals="0" methods="0" coveredmethods="0"/>
      <line num="1" count="1" type="stmt"/>
      <line num="3" count="1" type="stmt"/>
    </file>
    <file name="server.js" path="/Users/rosso03/Dev/hack/socket-events/packages/server/lib/server.js">
      <metrics statements="1" coveredstatements="1" conditionals="0" coveredconditionals="0" methods="1" coveredmethods="0"/>
      <line num="1" count="1" type="stmt"/>
    </file>
  </project>
</coverage>
