{"/Users/rosso03/Dev/hack/socket-events/packages/server/lib/index.js": {"path":"/Users/rosso03/Dev/hack/socket-events/packages/server/lib/index.js","statementMap":{"0":{"start":{"line":1,"column":15},"end":{"line":1,"column":34}},"1":{"start":{"line":3,"column":0},"end":{"line":5,"column":2}}},"fnMap":{},"branchMap":{},"s":{"0":1,"1":1},"f":{},"b":{},"_coverageSchema":"43e27e138ebf9cfc5966b082cf9a028302ed4184","hash":"a98b584f24d2927b1955afbcc1de4a873bc6372a"}
,"/Users/rosso03/Dev/hack/socket-events/packages/server/lib/server.js": {"path":"/Users/rosso03/Dev/hack/socket-events/packages/server/lib/server.js","statementMap":{"0":{"start":{"line":1,"column":0},"end":{"line":3,"column":1}}},"fnMap":{"0":{"name":"(anonymous_0)","decl":{"start":{"line":2,"column":9},"end":{"line":2,"column":10}},"loc":{"start":{"line":2,"column":15},"end":{"line":2,"column":17}},"line":2}},"branchMap":{},"s":{"0":1},"f":{"0":0},"b":{},"_coverageSchema":"43e27e138ebf9cfc5966b082cf9a028302ed4184","hash":"8374af0bc5e798eafb1e57d2aeb57ffb9633cb6b"}
}
